<?xml version="1.0" encoding="UTF-8"?>
<!-- Generated by org.testng.reporters.JUnitReportReporter -->
<testsuite skipped="0" hostname="Rashmi" name="Runner.TestRunner" tests="3" failures="0" timestamp="2021-01-12T20:02:51 EST" time="21.136" errors="0">
  <testcase name="runScenario" time="7.887" classname="Runner.TestRunner"/>
  <testcase name="runScenario" time="10.166" classname="Runner.TestRunner"/>
  <testcase name="runScenario" time="3.083" classname="Runner.TestRunner"/>
</testsuite> <!-- Runner.TestRunner -->
